\BOOKMARK [1][-]{section.1}{Introducci\363n}{}% 1
\BOOKMARK [1][-]{section.2}{M\351todos de Inicializaci\363n}{}% 2
\BOOKMARK [2][-]{subsection.2.1}{BallHall}{section.2}% 3
\BOOKMARK [2][-]{subsection.2.2}{Mc Queen}{section.2}% 4
\BOOKMARK [2][-]{subsection.2.3}{Etiquetado}{section.2}% 5
\BOOKMARK [2][-]{subsection.2.4}{Forgy}{section.2}% 6
\BOOKMARK [2][-]{subsection.2.5}{k-means ++}{section.2}% 7
\BOOKMARK [2][-]{subsection.2.6}{Mc Rae}{section.2}% 8
\BOOKMARK [1][-]{section.3}{Medidas e \315ndices de Validaci\363n de Clusters}{}% 9
\BOOKMARK [2][-]{subsection.3.1}{Distancia Intra-Cluster}{section.3}% 10
\BOOKMARK [2][-]{subsection.3.2}{Distacia Inter-Cluster}{section.3}% 11
\BOOKMARK [2][-]{subsection.3.3}{\315ndice Davies-Bouldin}{section.3}% 12
\BOOKMARK [2][-]{subsection.3.4}{Indice de Dunn}{section.3}% 13
\BOOKMARK [2][-]{subsection.3.5}{Tiempo de Ejecuci\363n y Cantidad de Iteraciones}{section.3}% 14
\BOOKMARK [1][-]{section.4}{Desarrollo}{}% 15
\BOOKMARK [2][-]{subsection.4.1}{Bases de Datos utilizadas}{section.4}% 16
\BOOKMARK [2][-]{subsection.4.2}{Obtenci\363n de Resultados}{section.4}% 17
\BOOKMARK [2][-]{subsection.4.3}{Resultados}{section.4}% 18
\BOOKMARK [1][-]{section.5}{Conclusi\363n}{}% 19
\BOOKMARK [1][-]{section*.1}{Referencias}{}% 20
\BOOKMARK [1][-]{section.6}{Gr\341ficas}{}% 21
\BOOKMARK [2][-]{subsection.6.1}{Gr\341ficas para la base de datos Iris}{section.6}% 22
\BOOKMARK [2][-]{subsection.6.2}{Gr\341ficas para la base de datos Nubes 10}{section.6}% 23
\BOOKMARK [2][-]{subsection.6.3}{Gr\341ficas para la base de datos Glass}{section.6}% 24
\BOOKMARK [2][-]{subsection.6.4}{Gr\341ficas para la base de datos Ionosphere}{section.6}% 25
\BOOKMARK [2][-]{subsection.6.5}{Gr\341ficas para la base de datos Doughnut}{section.6}% 26
\BOOKMARK [2][-]{subsection.6.6}{Gr\341ficas para la base de datos Wine}{section.6}% 27
